Using pre-set license
Built from '2020.3/staging' branch; Version is '2020.3.5f1 (8095aa901b9b) revision 8426922'; Using compiler version '192528614'; Build Type 'Release'
OS: 'Windows 10 Pro; OS build 19044.1826; Version 2009; 64bit' Language: 'tr' Physical Memory: 7995 MB
BatchMode: 1, IsHumanControllingUs: 0, StartBugReporterOnCrash: 0, Is64bit: 1, IsPro: 0

 COMMAND LINE ARGUMENTS:
C:\Program Files\Unity\Hub\Editor\2020.3.5f1\Editor\Unity.exe
-adb2
-batchMode
-noUpm
-name
AssetImportWorker0
-projectPath
C:/Users/90539/Desktop/project/RunGame
-logFile
Logs/AssetImportWorker0.log
-srvPort
63913
Successfully changed project path to: C:/Users/90539/Desktop/project/RunGame
C:/Users/90539/Desktop/project/RunGame
Using Asset Import Pipeline V2.
Refreshing native plugins compatible for Editor in 67.12 ms, found 0 plugins.
Preloading 0 native plugins for Editor in 0.00 ms.
Initialize engine version: 2020.3.5f1 (8095aa901b9b)
[Subsystems] Discovering subsystems at path C:/Program Files/Unity/Hub/Editor/2020.3.5f1/Editor/Data/Resources/UnitySubsystems
[Subsystems] Discovering subsystems at path C:/Users/90539/Desktop/project/RunGame/Assets
GfxDevice: creating device client; threaded=0
Direct3D:
    Version:  Direct3D 11.0 [level 11.1]
    Renderer: NVIDIA GeForce GTX 1650 (ID=0x1f91)
    Vendor:   
    VRAM:     3962 MB
    Driver:   27.21.14.6275
Initialize mono
Mono path[0] = 'C:/Program Files/Unity/Hub/Editor/2020.3.5f1/Editor/Data/Managed'
Mono path[1] = 'C:/Program Files/Unity/Hub/Editor/2020.3.5f1/Editor/Data/MonoBleedingEdge/lib/mono/unityjit'
Mono config path = 'C:/Program Files/Unity/Hub/Editor/2020.3.5f1/Editor/Data/MonoBleedingEdge/etc'
Using monoOptions --debugger-agent=transport=dt_socket,embedding=1,server=y,suspend=n,address=127.0.0.1:56896
Begin MonoManager ReloadAssembly
Registering precompiled unity dll's ...
Register platform support module: C:/Program Files/Unity/Hub/Editor/2020.3.5f1/Editor/Data/PlaybackEngines/WindowsStandaloneSupport/UnityEditor.WindowsStandalone.Extensions.dll
Registered in 0.004259 seconds.
Native extension for WindowsStandalone target not found
Refreshing native plugins compatible for Editor in 69.82 ms, found 0 plugins.
Preloading 0 native plugins for Editor in 0.00 ms.
Mono: successfully reloaded assembly
- Completed reload, in  3.895 seconds
Platform modules already initialized, skipping
Registering precompiled user dll's ...
Registered in 0.001388 seconds.
Begin MonoManager ReloadAssembly
Native extension for WindowsStandalone target not found
Refreshing native plugins compatible for Editor in 0.91 ms, found 0 plugins.
Preloading 0 native plugins for Editor in 0.00 ms.
Mono: successfully reloaded assembly
- Completed reload, in  1.590 seconds
Platform modules already initialized, skipping
========================================================================
Worker process is ready to serve import requests
Launched and connected shader compiler UnityShaderCompiler.exe after 0.11 seconds
Refreshing native plugins compatible for Editor in 0.68 ms, found 0 plugins.
Preloading 0 native plugins for Editor in 0.00 ms.
Unloading 1299 Unused Serialized files (Serialized files now loaded: 0)
System memory in use before: 97.3 MB.
System memory in use after: 97.0 MB.

Unloading 12 unused Assets to reduce memory usage. Loaded Objects now: 1772.
Total: 8.142300 ms (FindLiveObjects: 0.288800 ms CreateObjectMapping: 0.087000 ms MarkObjects: 6.638400 ms  DeleteObjects: 1.126200 ms)

========================================================================
Received Import Request.
  path: Assets/İmportant/pfMagnet.prefab
  artifactKey: Guid(8a382be75c272e547a12a061a1242735) Importer(815301076,1909f56bfc062723c751e8b465ee728b)
Start importing Assets/İmportant/pfMagnet.prefab using Guid(8a382be75c272e547a12a061a1242735) Importer(815301076,1909f56bfc062723c751e8b465ee728b) The Animator Controller (pfMagnet) you have used is not valid. Animations will not play
UnityEngine.StackTraceUtility:ExtractStackTrace ()
UnityEditor.EditorUtility:Internal_InstantiateRemoveAllNonAnimationComponentsSingle (UnityEngine.Object,UnityEngine.Vector3,UnityEngine.Quaternion)
UnityEditor.EditorUtility:InstantiateRemoveAllNonAnimationComponents (UnityEngine.Object,UnityEngine.Vector3,UnityEngine.Quaternion)
UnityEditor.EditorUtility:InstantiateForAnimatorPreview (UnityEngine.Object)
UnityEditor.GameObjectInspector/PreviewData:UpdateGameObject (UnityEngine.Object)
UnityEditor.GameObjectInspector/PreviewData:.ctor (UnityEngine.Object)
UnityEditor.GameObjectInspector:GetPreviewData ()
UnityEditor.GameObjectInspector:RenderStaticPreview (string,UnityEngine.Object[],int,int)
UnityEditor.AssetPreviewUpdater:CreatePreviewForAsset (UnityEngine.Object,UnityEngine.Object[],string)

[C:\buildslave\unity\build\Modules/Animation/Director/AnimatorControllerPlayable.cpp line 333]

The Animator Controller (pfMagnet) you have used is not valid. Animations will not play
UnityEngine.StackTraceUtility:ExtractStackTrace ()
UnityEditor.EditorUtility:InitInstantiatedPreviewRecursive (UnityEngine.GameObject)
UnityEditor.EditorUtility:InstantiateForAnimatorPreview (UnityEngine.Object)
UnityEditor.GameObjectInspector/PreviewData:UpdateGameObject (UnityEngine.Object)
UnityEditor.GameObjectInspector/PreviewData:.ctor (UnityEngine.Object)
UnityEditor.GameObjectInspector:GetPreviewData ()
UnityEditor.GameObjectInspector:RenderStaticPreview (string,UnityEngine.Object[],int,int)
UnityEditor.AssetPreviewUpdater:CreatePreviewForAsset (UnityEngine.Object,UnityEngine.Object[],string)

[C:\buildslave\unity\build\Modules/Animation/Director/AnimatorControllerPlayable.cpp line 333]

 -> (artifact id: 'c821205f8432e057ce9ddca6279d5438') in 0.306591 seconds
  Import took 0.314202 seconds .

========================================================================
Received Import Request.
  Time since last request: 12.360032 seconds.
  path: Assets/İmportant/pfMagnet.prefab
  artifactKey: Guid(8a382be75c272e547a12a061a1242735) Importer(815301076,1909f56bfc062723c751e8b465ee728b)
Start importing Assets/İmportant/pfMagnet.prefab using Guid(8a382be75c272e547a12a061a1242735) Importer(815301076,1909f56bfc062723c751e8b465ee728b) The Animator Controller (pfMagnet) you have used is not valid. Animations will not play
UnityEngine.StackTraceUtility:ExtractStackTrace ()
UnityEditor.EditorUtility:Internal_InstantiateRemoveAllNonAnimationComponentsSingle (UnityEngine.Object,UnityEngine.Vector3,UnityEngine.Quaternion)
UnityEditor.EditorUtility:InstantiateRemoveAllNonAnimationComponents (UnityEngine.Object,UnityEngine.Vector3,UnityEngine.Quaternion)
UnityEditor.EditorUtility:InstantiateForAnimatorPreview (UnityEngine.Object)
UnityEditor.GameObjectInspector/PreviewData:UpdateGameObject (UnityEngine.Object)
UnityEditor.GameObjectInspector/PreviewData:.ctor (UnityEngine.Object)
UnityEditor.GameObjectInspector:GetPreviewData ()
UnityEditor.GameObjectInspector:RenderStaticPreview (string,UnityEngine.Object[],int,int)
UnityEditor.AssetPreviewUpdater:CreatePreviewForAsset (UnityEngine.Object,UnityEngine.Object[],string)

[C:\buildslave\unity\build\Modules/Animation/Director/AnimatorControllerPlayable.cpp line 333]

The Animator Controller (pfMagnet) you have used is not valid. Animations will not play
UnityEngine.StackTraceUtility:ExtractStackTrace ()
UnityEditor.EditorUtility:InitInstantiatedPreviewRecursive (UnityEngine.GameObject)
UnityEditor.EditorUtility:InstantiateForAnimatorPreview (UnityEngine.Object)
UnityEditor.GameObjectInspector/PreviewData:UpdateGameObject (UnityEngine.Object)
UnityEditor.GameObjectInspector/PreviewData:.ctor (UnityEngine.Object)
UnityEditor.GameObjectInspector:GetPreviewData ()
UnityEditor.GameObjectInspector:RenderStaticPreview (string,UnityEngine.Object[],int,int)
UnityEditor.AssetPreviewUpdater:CreatePreviewForAsset (UnityEngine.Object,UnityEngine.Object[],string)

[C:\buildslave\unity\build\Modules/Animation/Director/AnimatorControllerPlayable.cpp line 333]

 -> (artifact id: '6094d690d27bd7444d356e5fefd9622f') in 0.026226 seconds
  Import took 0.032911 seconds .

========================================================================
Received Import Request.
  Time since last request: 105.230398 seconds.
  path: Assets/İmportant/New Animation.anim
  artifactKey: Guid(c2302c59b7b28414e88ea253f10019c2) Importer(815301076,1909f56bfc062723c751e8b465ee728b)
Start importing Assets/İmportant/New Animation.anim using Guid(c2302c59b7b28414e88ea253f10019c2) Importer(815301076,1909f56bfc062723c751e8b465ee728b)  -> (artifact id: '19dc73a0516fb25d91e217bf0e3eb26f') in 0.016575 seconds
  Import took 0.022943 seconds .

========================================================================
Received Import Request.
  Time since last request: 0.008758 seconds.
  path: Assets/İmportant/New Animation.anim
  artifactKey: Guid(c2302c59b7b28414e88ea253f10019c2) Importer(815301076,1909f56bfc062723c751e8b465ee728b)
Start importing Assets/İmportant/New Animation.anim using Guid(c2302c59b7b28414e88ea253f10019c2) Importer(815301076,1909f56bfc062723c751e8b465ee728b)  -> (artifact id: '19dc73a0516fb25d91e217bf0e3eb26f') in 0.005424 seconds
  Import took 0.012127 seconds .

========================================================================
Received Import Request.
  Time since last request: 0.543081 seconds.
  path: Assets/İmportant/pfMagnet.controller
  artifactKey: Guid(cb13596c113b6d840ac72bcf54b1043f) Importer(815301076,1909f56bfc062723c751e8b465ee728b)
Start importing Assets/İmportant/pfMagnet.controller using Guid(cb13596c113b6d840ac72bcf54b1043f) Importer(815301076,1909f56bfc062723c751e8b465ee728b)  -> (artifact id: '10b0268f43e4aa39177749a981df91c0') in 0.007292 seconds
  Import took 0.012243 seconds .

========================================================================
Received Prepare
Registering precompiled user dll's ...
Registered in 0.001629 seconds.
Begin MonoManager ReloadAssembly
Native extension for WindowsStandalone target not found
Refreshing native plugins compatible for Editor in 0.54 ms, found 0 plugins.
Preloading 0 native plugins for Editor in 0.00 ms.
Mono: successfully reloaded assembly
- Completed reload, in  1.984 seconds
Platform modules already initialized, skipping
Refreshing native plugins compatible for Editor in 0.65 ms, found 0 plugins.
Preloading 0 native plugins for Editor in 0.00 ms.
Unloading 1207 Unused Serialized files (Serialized files now loaded: 0)
System memory in use before: 92.0 MB.
System memory in use after: 91.7 MB.

Unloading 7 unused Assets to reduce memory usage. Loaded Objects now: 1782.
Total: 4.350600 ms (FindLiveObjects: 0.484100 ms CreateObjectMapping: 0.170500 ms MarkObjects: 2.824100 ms  DeleteObjects: 0.868900 ms)

========================================================================
Received Prepare
Registering precompiled user dll's ...
Registered in 0.001314 seconds.
Begin MonoManager ReloadAssembly
Native extension for WindowsStandalone target not found
Refreshing native plugins compatible for Editor in 0.53 ms, found 0 plugins.
Preloading 0 native plugins for Editor in 0.00 ms.
Mono: successfully reloaded assembly
- Completed reload, in  1.768 seconds
Platform modules already initialized, skipping
Refreshing native plugins compatible for Editor in 0.48 ms, found 0 plugins.
Preloading 0 native plugins for Editor in 0.00 ms.
Unloading 1207 Unused Serialized files (Serialized files now loaded: 0)
System memory in use before: 92.0 MB.
System memory in use after: 91.7 MB.

Unloading 7 unused Assets to reduce memory usage. Loaded Objects now: 1785.
Total: 4.177700 ms (FindLiveObjects: 0.750900 ms CreateObjectMapping: 0.107500 ms MarkObjects: 2.617100 ms  DeleteObjects: 0.697700 ms)

========================================================================
Received Import Request.
  Time since last request: 293.512567 seconds.
  path: Assets/İmportant/pfMagnet.prefab
  artifactKey: Guid(8a382be75c272e547a12a061a1242735) Importer(815301076,1909f56bfc062723c751e8b465ee728b)
Start importing Assets/İmportant/pfMagnet.prefab using Guid(8a382be75c272e547a12a061a1242735) Importer(815301076,1909f56bfc062723c751e8b465ee728b)  -> (artifact id: '53f83ff5582c3400eadb291db67aa637') in 0.091061 seconds
  Import took 0.097547 seconds .

========================================================================
Received Import Request.
  Time since last request: 5.155013 seconds.
  path: Assets/İmportant/pfMagnet.prefab
  artifactKey: Guid(8a382be75c272e547a12a061a1242735) Importer(815301076,1909f56bfc062723c751e8b465ee728b)
Start importing Assets/İmportant/pfMagnet.prefab using Guid(8a382be75c272e547a12a061a1242735) Importer(815301076,1909f56bfc062723c751e8b465ee728b)  -> (artifact id: 'b584cf38bc24346709f8122512deb530') in 0.016243 seconds
  Import took 0.021446 seconds .

========================================================================
Received Import Request.
  Time since last request: 0.011748 seconds.
  path: Assets/İmportant/pfMagnet.prefab
  artifactKey: Guid(8a382be75c272e547a12a061a1242735) Importer(815301076,1909f56bfc062723c751e8b465ee728b)
Start importing Assets/İmportant/pfMagnet.prefab using Guid(8a382be75c272e547a12a061a1242735) Importer(815301076,1909f56bfc062723c751e8b465ee728b)  -> (artifact id: 'b584cf38bc24346709f8122512deb530') in 0.018814 seconds
  Import took 0.022887 seconds .

========================================================================
Received Prepare
Registering precompiled user dll's ...
Registered in 0.001550 seconds.
Begin MonoManager ReloadAssembly
Native extension for WindowsStandalone target not found
Refreshing native plugins compatible for Editor in 0.69 ms, found 0 plugins.
Preloading 0 native plugins for Editor in 0.00 ms.
Mono: successfully reloaded assembly
- Completed reload, in  1.677 seconds
Platform modules already initialized, skipping
Refreshing native plugins compatible for Editor in 0.49 ms, found 0 plugins.
Preloading 0 native plugins for Editor in 0.00 ms.
Unloading 1207 Unused Serialized files (Serialized files now loaded: 0)
System memory in use before: 92.0 MB.
System memory in use after: 91.7 MB.

Unloading 7 unused Assets to reduce memory usage. Loaded Objects now: 1789.
Total: 4.499200 ms (FindLiveObjects: 1.048600 ms CreateObjectMapping: 0.126400 ms MarkObjects: 2.659500 ms  DeleteObjects: 0.660800 ms)

========================================================================
Received Import Request.
  Time since last request: 123.238746 seconds.
  path: Assets/İmportant/pfMagnet.prefab
  artifactKey: Guid(8a382be75c272e547a12a061a1242735) Importer(815301076,1909f56bfc062723c751e8b465ee728b)
Start importing Assets/İmportant/pfMagnet.prefab using Guid(8a382be75c272e547a12a061a1242735) Importer(815301076,1909f56bfc062723c751e8b465ee728b)  -> (artifact id: '1c3bb43ef22b057d74d6347316d21cdf') in 0.122496 seconds
  Import took 0.126977 seconds .

========================================================================
Received Import Request.
  Time since last request: 13.956362 seconds.
  path: Assets/İmportant/pfMagnet.prefab
  artifactKey: Guid(8a382be75c272e547a12a061a1242735) Importer(815301076,1909f56bfc062723c751e8b465ee728b)
Start importing Assets/İmportant/pfMagnet.prefab using Guid(8a382be75c272e547a12a061a1242735) Importer(815301076,1909f56bfc062723c751e8b465ee728b)  -> (artifact id: 'ea1e5566ad15260ac7db82f3b78d2e04') in 0.019570 seconds
  Import took 0.025839 seconds .

========================================================================
Received Import Request.
  Time since last request: 4.717156 seconds.
  path: Assets/İmportant/pfMagnet.prefab
  artifactKey: Guid(8a382be75c272e547a12a061a1242735) Importer(815301076,1909f56bfc062723c751e8b465ee728b)
Start importing Assets/İmportant/pfMagnet.prefab using Guid(8a382be75c272e547a12a061a1242735) Importer(815301076,1909f56bfc062723c751e8b465ee728b)  -> (artifact id: '45ebc160d0eebf6f58a39853b2c152a5') in 0.015652 seconds
  Import took 0.019989 seconds .

========================================================================
Received Import Request.
  Time since last request: 338.699640 seconds.
  path: Assets/script/boy_script.cs
  artifactKey: Guid(3b721d7b6ae8cec468b06d3fc77493d7) Importer(815301076,1909f56bfc062723c751e8b465ee728b)
Start importing Assets/script/boy_script.cs using Guid(3b721d7b6ae8cec468b06d3fc77493d7) Importer(815301076,1909f56bfc062723c751e8b465ee728b)  -> (artifact id: '2e0a1cffac44b664758950189039b1f9') in 0.096359 seconds
  Import took 0.100445 seconds .

========================================================================
Received Prepare
Registering precompiled user dll's ...
Registered in 0.156852 seconds.
Begin MonoManager ReloadAssembly
Native extension for WindowsStandalone target not found
Refreshing native plugins compatible for Editor in 0.60 ms, found 0 plugins.
Preloading 0 native plugins for Editor in 0.00 ms.
Mono: successfully reloaded assembly
- Completed reload, in  1.496 seconds
Platform modules already initialized, skipping
Refreshing native plugins compatible for Editor in 0.43 ms, found 0 plugins.
Preloading 0 native plugins for Editor in 0.00 ms.
Unloading 1207 Unused Serialized files (Serialized files now loaded: 0)
System memory in use before: 92.0 MB.
System memory in use after: 91.8 MB.

Unloading 7 unused Assets to reduce memory usage. Loaded Objects now: 1793.
Total: 5.683500 ms (FindLiveObjects: 0.389700 ms CreateObjectMapping: 0.153200 ms MarkObjects: 4.395200 ms  DeleteObjects: 0.740800 ms)

========================================================================
Received Prepare
Registering precompiled user dll's ...
Registered in 0.250566 seconds.
Begin MonoManager ReloadAssembly
Native extension for WindowsStandalone target not found
Refreshing native plugins compatible for Editor in 0.42 ms, found 0 plugins.
Preloading 0 native plugins for Editor in 0.00 ms.
Mono: successfully reloaded assembly
- Completed reload, in  1.309 seconds
Platform modules already initialized, skipping
Refreshing native plugins compatible for Editor in 0.52 ms, found 0 plugins.
Preloading 0 native plugins for Editor in 0.00 ms.
Unloading 1207 Unused Serialized files (Serialized files now loaded: 0)
System memory in use before: 92.0 MB.
System memory in use after: 91.8 MB.

Unloading 7 unused Assets to reduce memory usage. Loaded Objects now: 1796.
Total: 4.305100 ms (FindLiveObjects: 0.197400 ms CreateObjectMapping: 0.054100 ms MarkObjects: 2.639100 ms  DeleteObjects: 1.412200 ms)

========================================================================
Received Prepare
Registering precompiled user dll's ...
Registered in 0.001036 seconds.
Begin MonoManager ReloadAssembly
Native extension for WindowsStandalone target not found
Refreshing native plugins compatible for Editor in 0.48 ms, found 0 plugins.
Preloading 0 native plugins for Editor in 0.00 ms.
Mono: successfully reloaded assembly
- Completed reload, in  1.464 seconds
Platform modules already initialized, skipping
Refreshing native plugins compatible for Editor in 0.49 ms, found 0 plugins.
Preloading 0 native plugins for Editor in 0.00 ms.
Unloading 1207 Unused Serialized files (Serialized files now loaded: 0)
System memory in use before: 92.0 MB.
System memory in use after: 91.8 MB.

Unloading 7 unused Assets to reduce memory usage. Loaded Objects now: 1799.
Total: 4.441300 ms (FindLiveObjects: 0.298800 ms CreateObjectMapping: 0.071200 ms MarkObjects: 3.332100 ms  DeleteObjects: 0.736200 ms)

========================================================================
Received Import Request.
  Time since last request: 337.510541 seconds.
  path: Assets/script/boy_script.cs
  artifactKey: Guid(3b721d7b6ae8cec468b06d3fc77493d7) Importer(815301076,1909f56bfc062723c751e8b465ee728b)
Start importing Assets/script/boy_script.cs using Guid(3b721d7b6ae8cec468b06d3fc77493d7) Importer(815301076,1909f56bfc062723c751e8b465ee728b)  -> (artifact id: '584cd3fc9dee98d2a33362a57f5d736d') in 0.009968 seconds
  Import took 0.015681 seconds .

========================================================================
Received Import Request.
  Time since last request: 1.820059 seconds.
  path: Assets/script/boy_script.cs
  artifactKey: Guid(3b721d7b6ae8cec468b06d3fc77493d7) Importer(815301076,1909f56bfc062723c751e8b465ee728b)
Start importing Assets/script/boy_script.cs using Guid(3b721d7b6ae8cec468b06d3fc77493d7) Importer(815301076,1909f56bfc062723c751e8b465ee728b)  -> (artifact id: '584cd3fc9dee98d2a33362a57f5d736d') in 0.004037 seconds
  Import took 0.007578 seconds .

========================================================================
Received Prepare
Registering precompiled user dll's ...
Registered in 0.001000 seconds.
Begin MonoManager ReloadAssembly
Native extension for WindowsStandalone target not found
Refreshing native plugins compatible for Editor in 1.57 ms, found 0 plugins.
Preloading 0 native plugins for Editor in 0.00 ms.
Mono: successfully reloaded assembly
- Completed reload, in  1.223 seconds
Platform modules already initialized, skipping
Refreshing native plugins compatible for Editor in 0.40 ms, found 0 plugins.
Preloading 0 native plugins for Editor in 0.00 ms.
Unloading 1207 Unused Serialized files (Serialized files now loaded: 0)
System memory in use before: 92.1 MB.
System memory in use after: 91.8 MB.

Unloading 7 unused Assets to reduce memory usage. Loaded Objects now: 1802.
Total: 2.702600 ms (FindLiveObjects: 0.199200 ms CreateObjectMapping: 0.059200 ms MarkObjects: 1.889100 ms  DeleteObjects: 0.553800 ms)

========================================================================
Received Import Request.
  Time since last request: 26.749382 seconds.
  path: Assets/script/boy_script.cs
  artifactKey: Guid(3b721d7b6ae8cec468b06d3fc77493d7) Importer(815301076,1909f56bfc062723c751e8b465ee728b)
Start importing Assets/script/boy_script.cs using Guid(3b721d7b6ae8cec468b06d3fc77493d7) Importer(815301076,1909f56bfc062723c751e8b465ee728b)  -> (artifact id: 'fa85691255894c95659936595d2c75c5') in 0.006622 seconds
  Import took 0.012129 seconds .

========================================================================
Received Import Request.
  Time since last request: 2.640787 seconds.
  path: Assets/script/boy_script.cs
  artifactKey: Guid(3b721d7b6ae8cec468b06d3fc77493d7) Importer(815301076,1909f56bfc062723c751e8b465ee728b)
Start importing Assets/script/boy_script.cs using Guid(3b721d7b6ae8cec468b06d3fc77493d7) Importer(815301076,1909f56bfc062723c751e8b465ee728b)  -> (artifact id: 'fa85691255894c95659936595d2c75c5') in 0.004398 seconds
  Import took 0.007181 seconds .

========================================================================
Received Prepare
Registering precompiled user dll's ...
Registered in 0.001784 seconds.
Begin MonoManager ReloadAssembly
Native extension for WindowsStandalone target not found
Refreshing native plugins compatible for Editor in 0.44 ms, found 0 plugins.
Preloading 0 native plugins for Editor in 0.00 ms.
Mono: successfully reloaded assembly
- Completed reload, in  1.183 seconds
Platform modules already initialized, skipping
Refreshing native plugins compatible for Editor in 0.70 ms, found 0 plugins.
Preloading 0 native plugins for Editor in 0.00 ms.
Unloading 1207 Unused Serialized files (Serialized files now loaded: 0)
System memory in use before: 92.1 MB.
System memory in use after: 91.8 MB.

Unloading 7 unused Assets to reduce memory usage. Loaded Objects now: 1805.
Total: 4.880700 ms (FindLiveObjects: 0.303700 ms CreateObjectMapping: 0.128500 ms MarkObjects: 3.594600 ms  DeleteObjects: 0.851900 ms)

========================================================================
Received Import Request.
  Time since last request: 33.783633 seconds.
  path: Assets/script/boy_script.cs
  artifactKey: Guid(3b721d7b6ae8cec468b06d3fc77493d7) Importer(815301076,1909f56bfc062723c751e8b465ee728b)
Start importing Assets/script/boy_script.cs using Guid(3b721d7b6ae8cec468b06d3fc77493d7) Importer(815301076,1909f56bfc062723c751e8b465ee728b)  -> (artifact id: '1fb6173380d3bf27171d9e32b9a4cf5c') in 0.010854 seconds
  Import took 0.015476 seconds .

========================================================================
Received Import Request.
  Time since last request: 2.146014 seconds.
  path: Assets/script/boy_script.cs
  artifactKey: Guid(3b721d7b6ae8cec468b06d3fc77493d7) Importer(815301076,1909f56bfc062723c751e8b465ee728b)
Start importing Assets/script/boy_script.cs using Guid(3b721d7b6ae8cec468b06d3fc77493d7) Importer(815301076,1909f56bfc062723c751e8b465ee728b)  -> (artifact id: '1fb6173380d3bf27171d9e32b9a4cf5c') in 0.003894 seconds
  Import took 0.006572 seconds .

========================================================================
Received Prepare
Registering precompiled user dll's ...
Registered in 0.010721 seconds.
Begin MonoManager ReloadAssembly
Native extension for WindowsStandalone target not found
Refreshing native plugins compatible for Editor in 0.60 ms, found 0 plugins.
Preloading 0 native plugins for Editor in 0.00 ms.
Mono: successfully reloaded assembly
- Completed reload, in  1.283 seconds
Platform modules already initialized, skipping
Refreshing native plugins compatible for Editor in 0.33 ms, found 0 plugins.
Preloading 0 native plugins for Editor in 0.00 ms.
Unloading 1207 Unused Serialized files (Serialized files now loaded: 0)
System memory in use before: 92.0 MB.
System memory in use after: 91.7 MB.

Unloading 7 unused Assets to reduce memory usage. Loaded Objects now: 1808.
Total: 2.257700 ms (FindLiveObjects: 0.213500 ms CreateObjectMapping: 0.049700 ms MarkObjects: 1.564400 ms  DeleteObjects: 0.429200 ms)

========================================================================
Received Prepare
Registering precompiled user dll's ...
Registered in 0.001214 seconds.
Begin MonoManager ReloadAssembly
Native extension for WindowsStandalone target not found
Refreshing native plugins compatible for Editor in 0.44 ms, found 0 plugins.
Preloading 0 native plugins for Editor in 0.00 ms.
Mono: successfully reloaded assembly
- Completed reload, in  1.318 seconds
Platform modules already initialized, skipping
Refreshing native plugins compatible for Editor in 0.37 ms, found 0 plugins.
Preloading 0 native plugins for Editor in 0.00 ms.
Unloading 1207 Unused Serialized files (Serialized files now loaded: 0)
System memory in use before: 92.0 MB.
System memory in use after: 91.7 MB.

Unloading 7 unused Assets to reduce memory usage. Loaded Objects now: 1811.
Total: 2.974900 ms (FindLiveObjects: 0.355300 ms CreateObjectMapping: 0.074800 ms MarkObjects: 1.953000 ms  DeleteObjects: 0.589200 ms)

========================================================================
Received Prepare
Registering precompiled user dll's ...
Registered in 0.001924 seconds.
Begin MonoManager ReloadAssembly
Native extension for WindowsStandalone target not found
Refreshing native plugins compatible for Editor in 0.46 ms, found 0 plugins.
Preloading 0 native plugins for Editor in 0.00 ms.
Mono: successfully reloaded assembly
- Completed reload, in  1.656 seconds
Platform modules already initialized, skipping
Refreshing native plugins compatible for Editor in 0.45 ms, found 0 plugins.
Preloading 0 native plugins for Editor in 0.00 ms.
Unloading 1207 Unused Serialized files (Serialized files now loaded: 0)
System memory in use before: 92.0 MB.
System memory in use after: 91.7 MB.

Unloading 7 unused Assets to reduce memory usage. Loaded Objects now: 1814.
Total: 3.241700 ms (FindLiveObjects: 0.248300 ms CreateObjectMapping: 0.073800 ms MarkObjects: 2.277200 ms  DeleteObjects: 0.640800 ms)

AssetImportWorkerClient::OnTransportError - code=2 error=End of file
